<?xml version="1.0" encoding="UTF-8"?>
<testng-results ignored="0" total="1" passed="1" failed="0" skipped="0">
  <reporter-output>
  </reporter-output>
  <suite started-at="2026-01-11T13:50:25 IST" name="Default suite" finished-at="2026-01-11T13:50:31 IST" duration-ms="5760">
    <groups>
    </groups>
    <test started-at="2026-01-11T13:50:25 IST" name="Default test" finished-at="2026-01-11T13:50:31 IST" duration-ms="5760">
      <class name="tests.CheckoutFlowTest">
        <test-method is-config="true" signature="setup()[pri:0, instance:tests.CheckoutFlowTest@4c12331b]" started-at="2026-01-11T13:50:25 IST" name="setup" finished-at="2026-01-11T13:50:28 IST" duration-ms="2093" status="PASS">
          <reporter-output>
          </reporter-output>
        </test-method> <!-- setup -->
        <test-method signature="userCanCompletePurchaseFlow()[pri:0, instance:tests.CheckoutFlowTest@4c12331b]" started-at="2026-01-11T13:50:28 IST" name="userCanCompletePurchaseFlow" finished-at="2026-01-11T13:50:31 IST" duration-ms="3407" status="PASS">
          <reporter-output>
          </reporter-output>
        </test-method> <!-- userCanCompletePurchaseFlow -->
        <test-method is-config="true" signature="tearDown()[pri:0, instance:tests.CheckoutFlowTest@4c12331b]" started-at="2026-01-11T13:50:31 IST" name="tearDown" finished-at="2026-01-11T13:50:31 IST" duration-ms="215" status="PASS">
          <reporter-output>
          </reporter-output>
        </test-method> <!-- tearDown -->
      </class> <!-- tests.CheckoutFlowTest -->
    </test> <!-- Default test -->
  </suite> <!-- Default suite -->
</testng-results>
